\BOOKMARK [0][-]{chapter*.3}{\376\377\000L\000i\000s\000t\000\040\000o\000f\000\040\000F\000i\000g\000u\000r\000e\000s}{}% 1
\BOOKMARK [0][-]{chapter*.4}{\376\377\000L\000i\000s\000t\000\040\000o\000f\000\040\000T\000a\000b\000l\000e\000s}{}% 2
\BOOKMARK [0][-]{chapter*.5}{\376\377\000P\000r\000e\000f\000a\000c\000e}{}% 3
\BOOKMARK [0][-]{chapter*.6}{\376\377\000A\000c\000k\000n\000o\000w\000l\000e\000d\000g\000m\000e\000n\000t\000s}{}% 4
\BOOKMARK [0][-]{chapter.1}{\376\377\000N\000u\000m\000e\000r\000i\000c\000a\000l\000\040\000V\000a\000l\000u\000e\000s\000\040\000a\000n\000d\000\040\000Q\000u\000a\000n\000t\000i\000z\000a\000t\000i\000o\000n\000\040\000E\000r\000r\000o\000r\000s}{}% 5
\BOOKMARK [1][-]{section.1.1}{\376\377\000B\000i\000t\000s}{chapter.1}% 6
\BOOKMARK [1][-]{section.1.2}{\376\377\000I\000n\000t\000e\000g\000e\000r\000s}{chapter.1}% 7
\BOOKMARK [1][-]{section.1.3}{\376\377\000C\000h\000a\000r\000a\000c\000t\000e\000r\000s}{chapter.1}% 8
\BOOKMARK [1][-]{section.1.4}{\376\377\000F\000l\000o\000a\000t\000i\000n\000g\000\040\000P\000o\000i\000n\000t\000\040\000N\000u\000m\000b\000e\000r\000s}{chapter.1}% 9
\BOOKMARK [1][-]{section.1.5}{\376\377\000O\000v\000e\000r\000f\000l\000o\000w\000/\000U\000n\000d\000e\000r\000f\000l\000o\000w}{chapter.1}% 10
\BOOKMARK [1][-]{section.1.6}{\376\377\000M\000a\000c\000h\000i\000n\000e\000\040\000E\000p\000s\000i\000l\000o\000n}{chapter.1}% 11
\BOOKMARK [1][-]{section.1.7}{\376\377\000R\000o\000u\000n\000d\000-\000o\000f\000f\000\040\000E\000r\000r\000o\000r\000s}{chapter.1}% 12
\BOOKMARK [1][-]{section.1.8}{\376\377\000L\000o\000s\000s\000\040\000o\000f\000\040\000S\000i\000g\000n\000i\000f\000i\000c\000a\000n\000c\000e}{chapter.1}% 13
\BOOKMARK [1][-]{section*.12}{\376\377\000P\000r\000o\000b\000l\000e\000m\000s}{chapter.1}% 14
\BOOKMARK [1][-]{section*.13}{\376\377\000E\000x\000a\000m\000p\000l\000e\000s\000\040\000i\000n\000\040\000P\000y\000t\000h\000o\000n}{chapter.1}% 15
\BOOKMARK [1][-]{section*.14}{\376\377\000M\000A\000T\000L\000A\000B\000\040\000S\000o\000u\000r\000c\000e\000\040\000C\000o\000d\000e\000s}{chapter.1}% 16
\BOOKMARK [1][-]{section*.15}{\376\377\000P\000y\000t\000h\000o\000n\000\040\000S\000o\000u\000r\000c\000e\000\040\000C\000o\000d\000e\000s}{chapter.1}% 17
\BOOKMARK [0][-]{chapter.2}{\376\377\000N\000u\000m\000e\000r\000i\000c\000a\000l\000\040\000D\000e\000r\000i\000v\000a\000t\000i\000v\000e\000s}{}% 18
\BOOKMARK [1][-]{section.2.1}{\376\377\000F\000i\000r\000s\000t\000\040\000o\000r\000d\000e\000r\000\040\000d\000e\000r\000i\000v\000a\000t\000i\000v\000e\000s}{chapter.2}% 19
\BOOKMARK [1][-]{section.2.2}{\376\377\000S\000e\000c\000o\000n\000d\000\040\000o\000r\000d\000e\000r\000\040\000d\000e\000r\000i\000v\000a\000t\000i\000v\000e\000s}{chapter.2}% 20
\BOOKMARK [1][-]{section*.19}{\376\377\000P\000r\000o\000b\000l\000e\000m\000s}{chapter.2}% 21
\BOOKMARK [1][-]{section*.20}{\376\377\000M\000A\000T\000L\000A\000B\000\040\000S\000o\000u\000r\000c\000e\000\040\000C\000o\000d\000e\000s}{chapter.2}% 22
\BOOKMARK [1][-]{section*.21}{\376\377\000P\000y\000t\000h\000o\000n\000\040\000S\000o\000u\000r\000c\000e\000\040\000C\000o\000d\000e\000s}{chapter.2}% 23
\BOOKMARK [0][-]{chapter.3}{\376\377\000N\000u\000m\000e\000r\000i\000c\000a\000l\000\040\000I\000n\000t\000e\000g\000r\000a\000t\000i\000o\000n}{}% 24
\BOOKMARK [1][-]{section.3.1}{\376\377\000R\000e\000c\000t\000a\000n\000g\000u\000l\000a\000r\000\040\000r\000u\000l\000e}{chapter.3}% 25
\BOOKMARK [1][-]{section.3.2}{\376\377\000T\000r\000a\000p\000e\000z\000o\000i\000d\000a\000l\000\040\000r\000u\000l\000e}{chapter.3}% 26
\BOOKMARK [1][-]{section.3.3}{\376\377\000S\000i\000m\000p\000s\000o\000n\000\040\000m\000e\000t\000h\000o\000d}{chapter.3}% 27
\BOOKMARK [2][-]{subsection.3.3.1}{\376\377\000A\000d\000a\000p\000t\000i\000v\000e\000\040\000q\000u\000a\000d\000r\000a\000t\000u\000r\000e}{section.3.3}% 28
\BOOKMARK [1][-]{section.3.4}{\376\377\000I\000m\000p\000r\000o\000p\000e\000r\000\040\000I\000n\000t\000e\000g\000r\000a\000l\000s}{chapter.3}% 29
\BOOKMARK [2][-]{subsection.3.4.1}{\376\377\000I\000m\000p\000r\000o\000p\000e\000r\000\040\000I\000n\000t\000e\000g\000r\000a\000l\000s\000:\000\040\000\040\000i\000n\000\040\000L\000i\000m\000i\000t\000s}{section.3.4}% 30
\BOOKMARK [2][-]{subsection.3.4.2}{\376\377\000I\000m\000p\000r\000o\000p\000e\000r\000\040\000I\000n\000t\000e\000g\000r\000a\000l\000s\000\040\000I\000I\000:\000\040\000I\000n\000t\000e\000g\000r\000a\000b\000l\000e\000\040\000S\000i\000n\000g\000u\000l\000a\000r\000i\000t\000i\000e\000s}{section.3.4}% 31
\BOOKMARK [1][-]{section.3.5}{\376\377\000G\000a\000u\000s\000s\000i\000a\000n\000\040\000Q\000u\000a\000d\000r\000a\000t\000u\000r\000e}{chapter.3}% 32
\BOOKMARK [1][-]{section.3.6}{\376\377\000A\000p\000p\000l\000i\000c\000a\000t\000i\000o\000n\000s\000\040\000i\000n\000\040\000P\000h\000y\000s\000i\000c\000s}{chapter.3}% 33
\BOOKMARK [2][-]{subsection.3.6.1}{\376\377\000P\000e\000r\000i\000o\000d\000\040\000o\000f\000\040\000C\000l\000a\000s\000s\000i\000c\000a\000l\000\040\000O\000s\000c\000i\000l\000l\000a\000t\000i\000o\000n\000\040\000I\000.}{section.3.6}% 34
\BOOKMARK [2][-]{subsection.3.6.2}{\376\377\000S\000c\000a\000t\000t\000e\000r\000i\000n\000g\000\040\000b\000y\000\040\000Y\000u\000k\000a\000w\000a\000\040\000P\000o\000t\000e\000n\000t\000i\000a\000l\000:\000\040\000P\000a\000r\000t\000\040\0001}{section.3.6}% 35
\BOOKMARK [2][-]{subsection.3.6.3}{\376\377\000D\000e\000b\000y\000e\000\040\000M\000o\000d\000e\000l\000\040\000o\000f\000\040\000H\000e\000a\000t\000\040\000C\000a\000p\000a\000c\000i\000t\000y}{section.3.6}% 36
\BOOKMARK [2][-]{subsection.3.6.4}{\376\377\000H\000e\000a\000t\000\040\000C\000a\000p\000a\000c\000i\000t\000y\000\040\000o\000f\000\040\000F\000r\000e\000e\000\040\000E\000l\000e\000c\000t\000r\000o\000n\000\040\000G\000a\000s}{section.3.6}% 37
\BOOKMARK [1][-]{section*.30}{\376\377\000P\000r\000o\000b\000l\000e\000m\000s}{chapter.3}% 38
\BOOKMARK [1][-]{section*.31}{\376\377\000A\000p\000p\000e\000n\000d\000i\000x}{chapter.3}% 39
\BOOKMARK [1][-]{section*.35}{\376\377\000M\000A\000T\000L\000A\000B\000\040\000S\000o\000u\000r\000c\000e\000\040\000C\000o\000d\000e\000s}{chapter.3}% 40
\BOOKMARK [1][-]{section*.36}{\376\377\000E\000x\000a\000m\000p\000l\000e\000s\000\040\000i\000n\000\040\000P\000y\000t\000h\000o\000n}{chapter.3}% 41
\BOOKMARK [1][-]{section*.37}{\376\377\000P\000y\000t\000h\000o\000n\000\040\000S\000o\000u\000r\000c\000e\000\040\000C\000o\000d\000e\000s}{chapter.3}% 42
\BOOKMARK [0][-]{chapter.4}{\376\377\000R\000o\000o\000t\000\040\000F\000i\000n\000d\000i\000n\000g}{}% 43
\BOOKMARK [1][-]{section.4.1}{\376\377\000Q\000u\000a\000d\000r\000a\000t\000i\000c\000,\000\040\000C\000u\000b\000i\000c\000,\000\040\000a\000n\000d\000\040\000Q\000u\000a\000r\000t\000i\000c\000\040\000P\000o\000l\000y\000n\000o\000m\000i\000a\000l\000s}{chapter.4}% 44
\BOOKMARK [2][-]{subsection.4.1.1}{\376\377\000Q\000u\000a\000d\000r\000a\000t\000i\000c\000\040\000P\000o\000l\000y\000n\000o\000m\000i\000a\000l\000s}{section.4.1}% 45
\BOOKMARK [2][-]{subsection.4.1.2}{\376\377\000C\000u\000b\000i\000c\000\040\000P\000o\000l\000y\000n\000o\000m\000i\000a\000l\000s}{section.4.1}% 46
\BOOKMARK [2][-]{subsection.4.1.3}{\376\377\000Q\000u\000a\000r\000t\000i\000c\000\040\000P\000o\000l\000y\000n\000o\000m\000i\000a\000l\000s}{section.4.1}% 47
\BOOKMARK [1][-]{section.4.2}{\376\377\000I\000t\000e\000r\000a\000t\000i\000v\000e\000\040\000M\000e\000t\000h\000o\000d\000s}{chapter.4}% 48
\BOOKMARK [2][-]{subsection.4.2.1}{\376\377\000B\000i\000s\000e\000c\000t\000i\000o\000n\000\040\000m\000e\000t\000h\000o\000d}{section.4.2}% 49
\BOOKMARK [2][-]{subsection.4.2.2}{\376\377\000N\000e\000w\000t\000o\000n\000-\000R\000a\000p\000h\000s\000o\000n\000\040\000m\000e\000t\000h\000o\000d}{section.4.2}% 50
\BOOKMARK [2][-]{subsection.4.2.3}{\376\377\000S\000e\000c\000a\000n\000t\000\040\000m\000e\000t\000h\000o\000d}{section.4.2}% 51
\BOOKMARK [1][-]{section.4.3}{\376\377\000A\000p\000p\000l\000i\000c\000a\000t\000i\000o\000n\000s\000\040\000i\000n\000\040\000P\000h\000y\000s\000i\000c\000s\000\040\000P\000r\000o\000b\000l\000e\000m\000s}{chapter.4}% 52
\BOOKMARK [2][-]{subsection.4.3.1}{\376\377\000M\000a\000g\000n\000e\000t\000i\000c\000\040\000P\000h\000a\000s\000e\000\040\000T\000r\000a\000n\000s\000i\000t\000i\000o\000n}{section.4.3}% 53
\BOOKMARK [2][-]{subsection.4.3.2}{\376\377\000E\000n\000e\000r\000g\000y\000\040\000o\000f\000\040\000a\000\040\000Q\000u\000a\000n\000t\000u\000m\000\040\000P\000a\000r\000t\000i\000c\000l\000e\000\040\000i\000n\000\040\000a\000\040\000S\000q\000u\000a\000r\000e\000\040\000P\000o\000t\000e\000n\000t\000i\000a\000l}{section.4.3}% 54
\BOOKMARK [2][-]{subsection.4.3.3}{\376\377\000C\000l\000a\000s\000s\000i\000c\000a\000l\000\040\000T\000u\000r\000n\000i\000n\000g\000\040\000P\000o\000i\000n\000t\000s}{section.4.3}% 55
\BOOKMARK [2][-]{subsection.4.3.4}{\376\377\000C\000l\000o\000s\000e\000s\000t\000\040\000A\000p\000p\000r\000o\000a\000c\000h\000\040\000i\000n\000\040\000S\000c\000a\000t\000t\000e\000r\000i\000n\000g}{section.4.3}% 56
\BOOKMARK [1][-]{section.4.4}{\376\377\000P\000r\000o\000b\000l\000e\000m\000s}{chapter.4}% 57
\BOOKMARK [1][-]{section*.44}{\376\377\000M\000A\000T\000L\000A\000B\000\040\000S\000o\000u\000r\000c\000e\000\040\000C\000o\000d\000e\000s}{chapter.4}% 58
\BOOKMARK [1][-]{section*.45}{\376\377\000P\000y\000t\000h\000o\000n\000\040\000S\000o\000u\000r\000c\000e\000\040\000C\000o\000d\000e\000s}{chapter.4}% 59
\BOOKMARK [0][-]{chapter.5}{\376\377\000O\000r\000d\000i\000n\000a\000r\000y\000\040\000D\000i\000f\000f\000e\000r\000e\000n\000t\000i\000a\000l\000\040\000E\000q\000u\000a\000t\000i\000o\000n\000s\000\040\000I\000:\000\040\000I\000n\000i\000t\000i\000a\000l\000\040\000V\000a\000l\000u\000e\000\040\000P\000r\000o\000b\000l\000e\000m\000s}{}% 60
\BOOKMARK [1][-]{section.5.1}{\376\377\000S\000t\000a\000n\000d\000a\000r\000d\000\040\000f\000o\000r\000m\000s\000\040\000o\000f\000\040\000I\000n\000i\000t\000i\000a\000l\000\040\000V\000a\000l\000u\000e\000\040\000P\000r\000o\000b\000l\000e\000m\000s\000\040\000i\000n\000\040\000P\000h\000y\000s\000i\000c\000s}{chapter.5}% 61
\BOOKMARK [1][-]{section.5.2}{\376\377\000F\000i\000r\000s\000t\000\040\000O\000r\000d\000e\000r\000\040\000D\000i\000f\000f\000e\000r\000e\000n\000t\000i\000a\000l\000\040\000E\000q\000u\000a\000t\000i\000o\000n\000s}{chapter.5}% 62
\BOOKMARK [2][-]{subsection.5.2.1}{\376\377\000E\000u\000l\000e\000r\000\040\000M\000e\000t\000h\000o\000d}{section.5.2}% 63
\BOOKMARK [2][-]{subsection.5.2.2}{\376\377\000P\000r\000e\000d\000i\000c\000t\000o\000r\000-\000C\000o\000r\000r\000e\000c\000t\000o\000r\000\040\000M\000e\000t\000h\000o\000d}{section.5.2}% 64
\BOOKMARK [2][-]{subsection.5.2.3}{\376\377\0002\000n\000d\000-\000O\000r\000d\000e\000r\000\040\000R\000u\000n\000g\000e\000-\000K\000u\000t\000t\000a\000\040\000M\000e\000t\000h\000o\000d}{section.5.2}% 65
\BOOKMARK [2][-]{subsection.5.2.4}{\376\377\0004\000t\000h\000-\000O\000r\000d\000e\000r\000\040\000R\000u\000n\000g\000e\000-\000K\000u\000t\000t\000a\000\040\000M\000e\000t\000h\000o\000d}{section.5.2}% 66
\BOOKMARK [2][-]{subsection.5.2.5}{\376\377\000A\000d\000a\000p\000t\000i\000v\000e\000\040\000S\000t\000e\000p\000:\000\040\000R\000u\000n\000g\000e\000-\000K\000u\000t\000t\000a\000-\000F\000e\000h\000l\000b\000e\000r\000g\000\040\000M\000e\000t\000h\000o\000d}{section.5.2}% 67
\BOOKMARK [1][-]{section.5.3}{\376\377\000C\000o\000u\000p\000l\000e\000d\000\040\000O\000D\000E\000s}{chapter.5}% 68
\BOOKMARK [1][-]{section.5.4}{\376\377\000S\000e\000c\000o\000n\000d\000-\000O\000r\000d\000e\000r\000\040\000D\000i\000f\000f\000e\000r\000e\000n\000t\000i\000a\000l\000\040\000E\000q\000u\000a\000t\000i\000o\000n\000s}{chapter.5}% 69
\BOOKMARK [2][-]{subsection.5.4.1}{\376\377\000C\000o\000n\000v\000e\000r\000t\000i\000n\000g\000\040\000t\000o\000\040\000a\000\040\000C\000o\000u\000p\000l\000e\000d\000\040\000F\000i\000r\000s\000t\000-\000O\000r\000d\000e\000r\000\040\000O\000D\000E\000s}{section.5.4}% 70
\BOOKMARK [2][-]{subsection.5.4.2}{\376\377\000V\000e\000r\000l\000e\000t\000\040\000M\000e\000t\000h\000o\000d}{section.5.4}% 71
\BOOKMARK [1][-]{section.5.5}{\376\377\000A\000p\000p\000l\000i\000c\000a\000t\000i\000o\000n\000s\000\040\000i\000n\000\040\000P\000h\000y\000s\000i\000c\000s}{chapter.5}% 72
\BOOKMARK [2][-]{subsection.5.5.1}{\376\377\000N\000o\000n\000l\000i\000n\000e\000a\000r\000\040\000C\000h\000e\000m\000i\000c\000a\000l\000\040\000D\000y\000n\000a\000m\000i\000c\000s\000:\000\040\000B\000r\000u\000s\000s\000e\000l\000a\000t\000o\000r}{section.5.5}% 73
\BOOKMARK [2][-]{subsection.5.5.2}{\376\377\000N\000o\000n\000l\000i\000n\000e\000a\000r\000\040\000D\000y\000n\000a\000m\000i\000c\000s\000\040\000i\000n\000\040\000L\000a\000s\000e\000r\000:\000\040\000M\000a\000x\000w\000e\000l\000l\000-\000B\000l\000o\000c\000h\000\040\000e\000q\000u\000a\000t\000i\000o\000n}{section.5.5}% 74
\BOOKMARK [2][-]{subsection.5.5.3}{\376\377\000F\000r\000e\000q\000u\000e\000n\000c\000y\000\040\000E\000n\000t\000r\000a\000i\000n\000m\000e\000n\000t\000\040\000a\000n\000d\000\040\000P\000h\000a\000s\000e\000\040\000S\000y\000n\000c\000h\000r\000o\000n\000i\000z\000a\000t\000i\000o\000n}{section.5.5}% 75
\BOOKMARK [2][-]{subsection.5.5.4}{\376\377\000P\000e\000r\000i\000o\000d\000\040\000o\000f\000\040\000O\000s\000c\000i\000l\000l\000a\000t\000i\000o\000n}{section.5.5}% 76
\BOOKMARK [2][-]{subsection.5.5.5}{\376\377\000P\000e\000n\000d\000u\000l\000u\000m}{section.5.5}% 77
\BOOKMARK [2][-]{subsection.5.5.6}{\376\377\000S\000c\000a\000t\000t\000e\000r\000i\000n\000g\000\040\000A\000n\000g\000l\000e}{section.5.5}% 78
\BOOKMARK [2][-]{subsection.5.5.7}{\376\377\000D\000o\000u\000b\000l\000e\000\040\000P\000e\000n\000d\000u\000l\000u\000m}{section.5.5}% 79
\BOOKMARK [1][-]{section.5.6}{\376\377\000P\000r\000o\000b\000l\000e\000m\000s}{chapter.5}% 80
\BOOKMARK [1][-]{section*.64}{\376\377\000M\000A\000T\000L\000A\000B\000\040\000S\000o\000u\000r\000c\000e\000\040\000C\000o\000d\000e\000s}{chapter.5}% 81
\BOOKMARK [1][-]{section*.65}{\376\377\000P\000y\000t\000h\000o\000n\000\040\000S\000o\000u\000r\000c\000e\000\040\000C\000o\000d\000e\000s}{chapter.5}% 82
\BOOKMARK [0][-]{chapter.6}{\376\377\000O\000r\000d\000i\000n\000a\000r\000y\000\040\000D\000i\000f\000f\000e\000r\000e\000n\000t\000i\000a\000l\000\040\000E\000q\000u\000a\000t\000i\000o\000n\000s\000\040\000I\000I\000:\000\040\000B\000o\000u\000n\000d\000a\000r\000y\000\040\000V\000a\000l\000u\000e\000\040\000P\000r\000o\000b\000l\000e\000m\000s}{}% 83
\BOOKMARK [1][-]{section.6.1}{\376\377\000S\000h\000o\000o\000t\000i\000n\000g\000\040\000m\000e\000t\000h\000o\000d}{chapter.6}% 84
\BOOKMARK [1][-]{section.6.2}{\376\377\000N\000u\000m\000e\000r\000o\000v\000\040\000m\000e\000t\000h\000o\000d}{chapter.6}% 85
\BOOKMARK [1][-]{section.6.3}{\376\377\000A\000p\000p\000l\000i\000c\000a\000t\000i\000o\000n\000s\000\040\000i\000n\000\040\000P\000h\000y\000s\000i\000c\000s}{chapter.6}% 86
\BOOKMARK [2][-]{subsection.6.3.1}{\376\377\000Q\000u\000a\000n\000t\000u\000m\000\040\000F\000r\000e\000e\000\040\000F\000a\000l\000l\000i\000n\000g\000\040\000\050\000S\000e\000e\000\040\000P\000r\000o\000b\000l\000e\000m\000\040\0003\000.\0003\000\051}{section.6.3}% 87
\BOOKMARK [2][-]{subsection.6.3.2}{\376\377\000H\000e\000a\000t\000i\000n\000g\000\040\000a\000\040\000r\000o\000d}{section.6.3}% 88
\BOOKMARK [1][-]{section.6.4}{\376\377\000P\000r\000o\000b\000l\000e\000m\000s}{chapter.6}% 89
\BOOKMARK [1][-]{section*.71}{\376\377\000M\000A\000T\000L\000A\000B\000\040\000S\000o\000u\000r\000c\000e\000\040\000C\000o\000d\000e\000s}{chapter.6}% 90
\BOOKMARK [1][-]{section*.72}{\376\377\000P\000y\000t\000h\000o\000n\000\040\000S\000o\000u\000r\000c\000e\000\040\000C\000o\000d\000e\000s}{chapter.6}% 91
\BOOKMARK [0][-]{chapter.7}{\376\377\000O\000r\000d\000i\000n\000a\000r\000y\000\040\000D\000i\000f\000f\000e\000r\000e\000n\000t\000i\000a\000l\000\040\000E\000q\000u\000a\000t\000i\000o\000n\000s\000\040\000I\000I\000I\000:\000\040\000E\000i\000g\000e\000n\000v\000a\000l\000u\000e\000\040\000P\000r\000o\000b\000l\000e\000m\000s}{}% 92
\BOOKMARK [1][-]{section.7.1}{\376\377\000S\000h\000o\000o\000t\000i\000n\000g\000\040\000M\000e\000t\000h\000o\000d\000\040\000f\000o\000r\000\040\000E\000i\000g\000e\000n\000v\000a\000l\000u\000e\000\040\000P\000r\000o\000b\000l\000e\000m\000s}{chapter.7}% 93
\BOOKMARK [1][-]{section.7.2}{\376\377\000A\000p\000p\000l\000i\000c\000a\000t\000i\000o\000n\000s\000\040\000i\000n\000\040\000P\000h\000y\000s\000i\000c\000a\000l\000\040\000P\000r\000o\000b\000l\000e\000m\000s}{chapter.7}% 94
\BOOKMARK [2][-]{subsection.7.2.1}{\376\377\000Q\000u\000a\000m\000t\000u\000m\000\040\000H\000a\000r\000m\000o\000n\000i\000c\000\040\000O\000s\000c\000i\000l\000l\000a\000t\000o\000r}{section.7.2}% 95
\BOOKMARK [2][-]{subsection.7.2.2}{\376\377\000B\000o\000u\000n\000c\000i\000n\000g\000\040\000Q\000u\000a\000n\000t\000u\000m\000\040\000P\000a\000r\000t\000i\000c\000l\000e}{section.7.2}% 96
\BOOKMARK [2][-]{subsection.7.2.3}{\376\377\000D\000i\000a\000t\000o\000m\000i\000c\000\040\000M\000o\000l\000e\000c\000u\000l\000e\000s}{section.7.2}% 97
\BOOKMARK [1][-]{section.7.3}{\376\377\000P\000r\000o\000b\000l\000e\000m\000s}{chapter.7}% 98
\BOOKMARK [1][-]{section*.80}{\376\377\000M\000A\000T\000L\000A\000B\000\040\000S\000o\000u\000r\000c\000e\000\040\000C\000o\000d\000e\000s}{chapter.7}% 99
\BOOKMARK [1][-]{section*.81}{\376\377\000P\000y\000t\000h\000o\000n\000\040\000S\000o\000u\000r\000c\000e\000\040\000C\000o\000d\000e\000s}{chapter.7}% 100
\BOOKMARK [0][-]{chapter.8}{\376\377\000M\000a\000t\000r\000i\000x\000\040\000I\000:\000\040\000L\000i\000n\000e\000a\000r\000\040\000A\000l\000g\000e\000b\000r\000a\000i\000c\000\040\000E\000q\000u\000a\000t\000i\000o\000n\000s}{}% 101
\BOOKMARK [1][-]{section.8.1}{\376\377\000T\000r\000i\000a\000n\000g\000u\000l\000a\000r\000\040\000M\000a\000t\000r\000i\000c\000e\000s}{chapter.8}% 102
\BOOKMARK [2][-]{subsection.8.1.1}{\376\377\000F\000o\000r\000w\000a\000r\000d\000/\000B\000a\000c\000k\000\040\000S\000u\000b\000s\000t\000i\000t\000u\000t\000i\000o\000n\000s}{section.8.1}% 103
\BOOKMARK [1][-]{section.8.2}{\376\377\000G\000a\000u\000s\000s\000i\000a\000n\000\040\000E\000l\000i\000m\000i\000n\000a\000t\000i\000o\000n}{chapter.8}% 104
\BOOKMARK [2][-]{subsection.8.2.1}{\376\377\000E\000l\000m\000i\000n\000a\000t\000i\000o\000n\000\040\000P\000r\000o\000c\000e\000d\000u\000r\000e\000s}{section.8.2}% 105
\BOOKMARK [2][-]{subsection.8.2.2}{\376\377\000P\000i\000v\000o\000t\000i\000n\000g}{section.8.2}% 106
\BOOKMARK [2][-]{subsection.8.2.3}{\376\377\000D\000e\000t\000e\000r\000m\000i\000n\000a\000n\000t}{section.8.2}% 107
\BOOKMARK [2][-]{subsection.8.2.4}{\376\377\000M\000a\000t\000r\000i\000x\000\040\000I\000n\000v\000e\000r\000s\000i\000o\000n}{section.8.2}% 108
\BOOKMARK [1][-]{section.8.3}{\376\377\000L\000U\000\040\000D\000e\000c\000o\000m\000p\000o\000s\000i\000t\000i\000o\000n}{chapter.8}% 109
\BOOKMARK [2][-]{subsection.8.3.1}{\376\377\000D\000e\000c\000o\000m\000p\000o\000s\000i\000t\000i\000o\000n\000\040\000A\000l\000g\000o\000r\000i\000t\000h\000m}{section.8.3}% 110
\BOOKMARK [2][-]{subsection.8.3.2}{\376\377\000L\000i\000n\000e\000a\000r\000\040\000e\000q\000u\000a\000t\000i\000o\000n\000s}{section.8.3}% 111
\BOOKMARK [2][-]{subsection.8.3.3}{\376\377\000M\000a\000t\000r\000i\000x\000\040\000I\000n\000v\000e\000r\000s\000e}{section.8.3}% 112
\BOOKMARK [2][-]{subsection.8.3.4}{\376\377\000D\000e\000t\000e\000r\000m\000i\000n\000a\000n\000t}{section.8.3}% 113
\BOOKMARK [1][-]{section.8.4}{\376\377\000T\000r\000i\000d\000i\000a\000g\000o\000n\000a\000l\000\040\000M\000a\000t\000r\000i\000c\000e\000s}{chapter.8}% 114
\BOOKMARK [2][-]{subsection.8.4.1}{\376\377\000L\000i\000n\000e\000a\000r\000\040\000E\000q\000u\000a\000t\000i\000o\000n\000s}{section.8.4}% 115
\BOOKMARK [2][-]{subsection.8.4.2}{\376\377\000D\000e\000t\000e\000r\000m\000i\000n\000a\000n\000t\000\040\000a\000n\000d\000\040\000I\000n\000v\000e\000r\000s\000e}{section.8.4}% 116
\BOOKMARK [1][-]{section.8.5}{\376\377\000S\000o\000l\000v\000i\000n\000g\000\040\000L\000i\000n\000e\000a\000r\000\040\000E\000q\000u\000a\000t\000i\000o\000n\000s\000\040\000b\000y\000\040\000M\000i\000n\000i\000m\000i\000z\000a\000t\000i\000o\000n}{chapter.8}% 117
\BOOKMARK [2][-]{subsection.8.5.1}{\376\377\000S\000t\000e\000e\000p\000e\000s\000t\000\040\000D\000e\000s\000c\000e\000n\000t\000\040\000M\000e\000t\000h\000o\000d}{section.8.5}% 118
\BOOKMARK [2][-]{subsection.8.5.2}{\376\377\000C\000o\000n\000j\000u\000g\000a\000t\000e\000\040\000G\000r\000a\000d\000i\000e\000n\000t\000\040\000M\000e\000t\000h\000o\000d}{section.8.5}% 119
\BOOKMARK [1][-]{section.8.6}{\376\377\000A\000p\000p\000l\000i\000c\000a\000t\000i\000o\000n\000s\000\040\000i\000n\000\040\000P\000h\000y\000s\000i\000c\000s}{chapter.8}% 120
\BOOKMARK [2][-]{subsection.8.6.1}{\376\377\000M\000u\000l\000t\000i\000l\000o\000o\000p\000\040\000c\000i\000r\000c\000u\000t\000e\000:\000\040\000K\000i\000r\000c\000h\000h\000o\000f\000f\000\040\000r\000u\000l\000e\000s}{section.8.6}% 121
\BOOKMARK [2][-]{subsection.8.6.2}{\376\377\000C\000o\000u\000p\000l\000e\000d\000\040\000H\000a\000r\000m\000o\000n\000i\000c\000\040\000O\000s\000c\000i\000l\000l\000a\000t\000o\000r\000s\000\040\000i\000n\000\040\000a\000\040\000U\000n\000i\000f\000o\000r\000m\000\040\000G\000r\000a\000v\000i\000t\000y}{section.8.6}% 122
\BOOKMARK [2][-]{subsection.8.6.3}{\376\377\000D\000e\000t\000e\000r\000m\000i\000n\000a\000n\000t\000\040\000o\000f\000\040\000T\000r\000e\000e\000\040\000G\000r\000a\000p\000h\000s\000:\000\040\000G\000r\000a\000h\000a\000m\000-\000P\000o\000l\000l\000a\000c\000k\000\040\000t\000h\000e\000o\000r\000e\000m}{section.8.6}% 123
\BOOKMARK [1][-]{section.8.7}{\376\377\000P\000r\000o\000b\000l\000e\000m\000s}{chapter.8}% 124
\BOOKMARK [1][-]{section*.86}{\376\377\000M\000A\000T\000L\000A\000B\000\040\000S\000o\000u\000r\000c\000e\000\040\000C\000o\000d\000e\000s}{chapter.8}% 125
\BOOKMARK [1][-]{section*.87}{\376\377\000P\000y\000t\000h\000o\000n\000\040\000S\000o\000u\000r\000c\000e\000\040\000C\000o\000d\000e\000s}{chapter.8}% 126
\BOOKMARK [0][-]{chapter.9}{\376\377\000M\000a\000t\000r\000i\000x\000\040\000I\000I\000:\000\040\000N\000o\000n\000l\000i\000n\000e\000a\000r\000\040\000E\000q\000u\000a\000t\000i\000o\000n\000s}{}% 127
\BOOKMARK [1][-]{subsection.9.0.1}{\376\377\000M\000u\000l\000t\000i\000-\000D\000i\000m\000e\000n\000s\000i\000o\000n\000a\000l\000\040\000N\000e\000w\000t\000o\000n\000-\000R\000a\000p\000h\000s\000o\000n\000\040\000M\000e\000t\000h\000o\000d\000s}{chapter.9}% 128
\BOOKMARK [2][-]{subsection.9.0.2}{\376\377\000B\000r\000o\000y\000d\000e\000n\000\040\000m\000e\000t\000h\000o\000d\000:\000\040\000\050\000M\000u\000l\000t\000i\000d\000i\000m\000e\000n\000t\000i\000o\000n\000a\000l\000\040\000S\000e\000c\000a\000n\000t\000\040\000M\000e\000t\000h\000o\000d\000\051}{subsection.9.0.1}% 129
\BOOKMARK [1][-]{section.9.1}{\376\377\000M\000i\000n\000i\000m\000i\000z\000a\000t\000i\000o\000n\000\040\000o\000f\000\040\000M\000u\000t\000i\000v\000a\000r\000i\000a\000b\000l\000e\000\040\000N\000o\000n\000-\000L\000i\000n\000e\000a\000r\000\040\000F\000u\000n\000c\000t\000i\000o\000n\000s}{chapter.9}% 130
\BOOKMARK [1][-]{section.9.2}{\376\377\000A\000p\000p\000l\000i\000c\000a\000t\000i\000o\000n\000s\000\040\000i\000n\000\040\000P\000h\000y\000s\000i\000c\000s}{chapter.9}% 131
\BOOKMARK [2][-]{subsection.9.2.1}{\376\377\000S\000t\000e\000a\000d\000y\000\040\000s\000t\000a\000t\000e\000s\000\040\000i\000n\000\040\000L\000a\000s\000e\000r\000\040\000D\000y\000n\000a\000m\000i\000c\000s}{section.9.2}% 132
\BOOKMARK [1][-]{section*.92}{\376\377\000M\000A\000T\000L\000A\000B\000\040\000S\000o\000u\000r\000c\000e\000\040\000C\000o\000d\000e\000s}{chapter.9}% 133
\BOOKMARK [1][-]{section*.93}{\376\377\000P\000y\000t\000h\000o\000n\000\040\000S\000o\000u\000r\000c\000e\000\040\000C\000o\000d\000e\000s}{chapter.9}% 134
\BOOKMARK [0][-]{chapter.10}{\376\377\000M\000a\000t\000r\000i\000x\000\040\000I\000I\000I\000:\000\040\000E\000i\000g\000e\000n\000v\000a\000l\000u\000e\000\040\000P\000r\000o\000b\000l\000e\000m\000s}{}% 135
\BOOKMARK [1][-]{section.10.1}{\376\377\000T\000h\000e\000\040\000P\000o\000w\000e\000r\000\040\000M\000e\000t\000h\000o\000d}{chapter.10}% 136
\BOOKMARK [1][-]{section.10.2}{\376\377\000I\000n\000v\000e\000r\000s\000e\000\040\000I\000t\000e\000r\000a\000t\000i\000o\000n\000\040\000M\000e\000t\000h\000o\000d}{chapter.10}% 137
\BOOKMARK [1][-]{section.10.3}{\376\377\000J\000a\000c\000o\000b\000i\000\040\000T\000r\000a\000n\000s\000f\000o\000r\000m\000a\000t\000i\000o\000n}{chapter.10}% 138
\BOOKMARK [1][-]{section.10.4}{\376\377\000A\000d\000v\000a\000n\000c\000e\000d\000\040\000M\000e\000t\000h\000o\000d\000s}{chapter.10}% 139
\BOOKMARK [2][-]{subsection.10.4.1}{\376\377\000T\000r\000i\000a\000n\000g\000u\000l\000a\000r\000\040\000M\000a\000t\000r\000i\000c\000e\000s}{section.10.4}% 140
\BOOKMARK [2][-]{subsection.10.4.2}{\376\377\000T\000r\000i\000d\000i\000a\000g\000o\000n\000a\000l\000\040\000M\000a\000t\000r\000i\000c\000e\000s}{section.10.4}% 141
\BOOKMARK [2][-]{subsection.10.4.3}{\376\377\000H\000o\000u\000s\000e\000h\000o\000l\000d\000e\000r\000\040\000R\000e\000d\000u\000c\000t\000i\000o\000n}{section.10.4}% 142
\BOOKMARK [2][-]{subsection.10.4.4}{\376\377\000Q\000R\000\040\000M\000e\000t\000h\000o\000d}{section.10.4}% 143
\BOOKMARK [1][-]{section.10.5}{\376\377\000A\000p\000p\000l\000i\000c\000a\000t\000i\000o\000n\000s\000\040\000i\000n\000\040\000P\000h\000y\000s\000i\000c\000s}{chapter.10}% 144
\BOOKMARK [2][-]{subsection.10.5.1}{\376\377\000C\000o\000u\000p\000l\000e\000d\000\040\000H\000a\000r\000m\000o\000n\000i\000c\000\040\000O\000s\000c\000i\000l\000l\000a\000t\000o\000r\000s}{section.10.5}% 145
\BOOKMARK [2][-]{subsection.10.5.2}{\376\377\000C\000h\000a\000i\000n\000s\000\040\000o\000f\000\040\000A\000t\000o\000m\000s}{section.10.5}% 146
\BOOKMARK [1][-]{section.10.6}{\376\377\000P\000r\000o\000b\000l\000e\000m\000s}{chapter.10}% 147
\BOOKMARK [1][-]{section*.98}{\376\377\000M\000A\000T\000L\000A\000B\000\040\000S\000o\000u\000r\000c\000e\000\040\000C\000o\000d\000e\000s}{chapter.10}% 148
\BOOKMARK [1][-]{section*.99}{\376\377\000P\000y\000t\000h\000o\000n\000\040\000S\000o\000u\000r\000c\000e\000\040\000C\000o\000d\000e\000s}{chapter.10}% 149
\BOOKMARK [0][-]{chapter.11}{\376\377\000D\000i\000s\000c\000r\000e\000t\000e\000\040\000F\000o\000u\000r\000i\000e\000r\000\040\000T\000r\000a\000n\000s\000f\000o\000r\000m}{}% 150
\BOOKMARK [1][-]{section.11.1}{\376\377\000D\000i\000s\000c\000r\000e\000t\000e\000\040\000F\000o\000u\000r\000i\000e\000r\000\040\000T\000r\000a\000n\000s\000f\000o\000r\000m}{chapter.11}% 151
\BOOKMARK [1][-]{section.11.2}{\376\377\000F\000a\000s\000t\000\040\000F\000o\000u\000r\000i\000e\000r\000\040\000T\000r\000a\000n\000s\000f\000o\000r\000m}{chapter.11}% 152
\BOOKMARK [1][-]{section.11.3}{\376\377\000R\000e\000m\000a\000r\000k\000s\000\040\000o\000n\000\040\000t\000h\000e\000\040\000u\000s\000e\000\040\000o\000f\000\040\000c\000a\000n\000n\000e\000d\000\040\000r\000o\000u\000t\000i\000n\000e\000s\000\040\000i\000n\000\040\000M\000A\000T\000L\000A\000B\000\040\000a\000n\000d\000\040\000P\000y\000t\000h\000o\000n}{chapter.11}% 153
\BOOKMARK [2][-]{subsection.11.3.1}{\376\377\000F\000o\000r\000w\000a\000r\000d\000\040\000o\000r\000\040\000B\000a\000c\000k\000w\000a\000r\000d\000\040\000T\000r\000a\000n\000s\000f\000o\000r\000m\000a\000t\000i\000o\000n}{section.11.3}% 154
\BOOKMARK [2][-]{subsection.11.3.2}{\376\377\000P\000r\000e\000f\000a\000c\000t\000o\000r\000\040\000i\000n\000\040\000f\000r\000o\000n\000t\000\040\000o\000f\000\040\000t\000h\000e\000\040\000S\000u\000m\000m\000a\000t\000i\000o\000n}{section.11.3}% 155
\BOOKMARK [2][-]{subsection.11.3.3}{\376\377\000I\000n\000p\000u\000t\000/\000O\000u\000t\000p\000u\000t\000\040\000F\000o\000r\000m\000a\000t\000:\000\040\000B\000i\000t\000\040\000R\000e\000v\000e\000r\000s\000e\000d\000\040\000o\000r\000\040\000N\000o\000t}{section.11.3}% 156
\BOOKMARK [2][-]{subsection.11.3.4}{\376\377\000I\000n\000p\000u\000t\000/\000O\000u\000t\000p\000u\000t\000\040\000f\000o\000r\000m\000a\000t\000:\000\040\000P\000e\000r\000i\000o\000d\000i\000c\000i\000t\000y}{section.11.3}% 157
\BOOKMARK [1][-]{section.11.4}{\376\377\000A\000p\000p\000l\000i\000c\000a\000t\000i\000o\000n\000s\000\040\000i\000n\000\040\000P\000h\000y\000s\000i\000c\000s}{chapter.11}% 158
\BOOKMARK [2][-]{subsection.11.4.1}{\376\377\000L\000a\000p\000l\000a\000c\000i\000a\000n\000\040\000o\000p\000e\000r\000a\000t\000o\000r}{section.11.4}% 159
\BOOKMARK [2][-]{subsection.11.4.2}{\376\377\000C\000o\000r\000r\000e\000l\000a\000t\000i\000o\000n\000\040\000F\000u\000n\000c\000t\000i\000o\000n\000s}{section.11.4}% 160
\BOOKMARK [2][-]{subsection.11.4.3}{\376\377\000S\000p\000e\000c\000t\000r\000a\000l\000\040\000A\000n\000a\000l\000y\000s\000i\000s}{section.11.4}% 161
\BOOKMARK [2][-]{subsection.11.4.4}{\376\377\000W\000a\000v\000e\000\040\000F\000u\000n\000c\000t\000i\000o\000n\000\040\000i\000n\000\040\000M\000o\000m\000e\000n\000t\000u\000m\000\040\000S\000p\000a\000c\000e}{section.11.4}% 162
\BOOKMARK [1][-]{section.11.5}{\376\377\000P\000r\000o\000b\000l\000e\000m\000s}{chapter.11}% 163
\BOOKMARK [1][-]{section*.107}{\376\377\000M\000A\000T\000L\000A\000B\000\040\000S\000o\000u\000r\000c\000e\000\040\000C\000o\000d\000e\000s}{chapter.11}% 164
\BOOKMARK [1][-]{section*.108}{\376\377\000P\000y\000t\000h\000o\000n\000\040\000S\000o\000u\000r\000c\000e\000\040\000C\000o\000d\000e\000s}{chapter.11}% 165
\BOOKMARK [0][-]{chapter.12}{\376\377\000D\000a\000t\000a\000\040\000F\000i\000t\000t\000i\000n\000g}{}% 166
\BOOKMARK [1][-]{section.12.1}{\376\377\000S\000p\000l\000i\000n\000e}{chapter.12}% 167
\BOOKMARK [2][-]{subsection.12.1.1}{\376\377\000L\000i\000n\000e\000a\000r\000\040\000S\000p\000l\000i\000n\000e}{section.12.1}% 168
\BOOKMARK [2][-]{subsection.12.1.2}{\376\377\000C\000u\000b\000i\000c\000\040\000S\000p\000l\000i\000n\000e}{section.12.1}% 169
\BOOKMARK [2][-]{subsection.12.1.3}{\376\377\000V\000a\000n\000d\000e\000r\000m\000o\000n\000d\000e\000\040\000m\000a\000t\000r\000i\000x}{section.12.1}% 170
\BOOKMARK [2][-]{subsection.12.1.4}{\376\377\000L\000a\000g\000r\000a\000n\000g\000e\000\040\000P\000o\000l\000y\000n\000o\000m\000i\000a\000l}{section.12.1}% 171
\BOOKMARK [1][-]{section.12.2}{\376\377\000L\000e\000a\000s\000t\000\040\000S\000q\000u\000a\000r\000e\000\040\000F\000i\000t\000t\000i\000n\000g}{chapter.12}% 172
\BOOKMARK [2][-]{subsection.12.2.1}{\376\377\000G\000e\000n\000e\000r\000a\000l\000\040\000T\000h\000e\000o\000r\000y}{section.12.2}% 173
\BOOKMARK [2][-]{subsection.12.2.2}{\376\377\000L\000i\000n\000e\000a\000r\000\040\000R\000e\000g\000r\000e\000s\000s\000i\000o\000n}{section.12.2}% 174
\BOOKMARK [2][-]{subsection.12.2.3}{\376\377\000G\000e\000n\000e\000r\000a\000l\000\040\000L\000i\000n\000e\000a\000r\000\040\000L\000e\000a\000s\000t\000\040\000S\000q\000u\000a\000r\000e\000\040\000F\000i\000t\000t\000i\000n\000g}{section.12.2}% 175
\BOOKMARK [2][-]{subsection.12.2.4}{\376\377\000N\000o\000n\000l\000i\000n\000e\000a\000r\000\040\000L\000e\000a\000s\000t\000\040\000S\000q\000u\000a\000r\000e\000\040\000F\000i\000t\000t\000i\000n\000g\000:\000\040\000G\000a\000u\000s\000s\000-\000N\000e\000w\000t\000o\000n\000\040\000m\000e\000t\000h\000o\000d}{section.12.2}% 176
\BOOKMARK [1][-]{section.12.3}{\376\377\000A\000p\000p\000l\000i\000c\000a\000t\000i\000o\000n\000s\000\040\000i\000n\000\040\000P\000h\000y\000s\000i\000c\000s}{chapter.12}% 177
\BOOKMARK [2][-]{subsection.12.3.1}{\376\377\000A\000r\000r\000h\000e\000n\000i\000u\000s\000\040\000P\000l\000o\000t}{section.12.3}% 178
\BOOKMARK [2][-]{subsection.12.3.2}{\376\377\000L\000i\000f\000e\000\040\000T\000i\000m\000e\000\040\000B\000r\000o\000a\000d\000e\000n\000i\000n\000g\000\040\000i\000n\000\040\000O\000p\000t\000i\000c\000a\000l\000\040\000S\000p\000e\000c\000t\000r\000u\000m}{section.12.3}% 179
\BOOKMARK [1][-]{section.12.4}{\376\377\000P\000r\000o\000b\000l\000e\000m\000s}{chapter.12}% 180
\BOOKMARK [1][-]{section*.122}{\376\377\000A\000p\000p\000e\000n\000d\000i\000x}{chapter.12}% 181
\BOOKMARK [1][-]{section*.123}{\376\377\000M\000A\000T\000L\000A\000B\000\040\000S\000o\000u\000r\000c\000e\000\040\000C\000o\000d\000e\000s}{chapter.12}% 182
\BOOKMARK [1][-]{section*.124}{\376\377\000P\000y\000t\000h\000o\000n\000\040\000S\000o\000u\000r\000c\000e\000\040\000C\000o\000d\000e\000s}{chapter.12}% 183
\BOOKMARK [0][-]{chapter.13}{\376\377\000P\000a\000r\000t\000i\000a\000l\000\040\000D\000i\000f\000f\000e\000r\000e\000n\000t\000i\000a\000l\000\040\000E\000q\000u\000a\000t\000i\000o\000n\000s\000\040\000I\000:\000\040\000P\000a\000r\000a\000b\000o\000l\000i\000c\000\040\000E\000q\000u\000a\000t\000i\000o\000n\000s}{}% 184
\BOOKMARK [1][-]{section.13.1}{\376\377\000D\000i\000f\000f\000u\000s\000i\000o\000n\000\040\000E\000q\000u\000a\000t\000i\000o\000n}{chapter.13}% 185
\BOOKMARK [1][-]{section.13.2}{\376\377\000B\000o\000u\000n\000d\000a\000r\000y\000\040\000C\000o\000n\000d\000i\000t\000i\000o\000n\000s}{chapter.13}% 186
\BOOKMARK [1][-]{section.13.3}{\376\377\000F\000o\000r\000w\000a\000r\000d\000\040\000T\000i\000m\000e\000\040\000C\000e\000n\000t\000e\000r\000e\000d\000\040\000S\000p\000a\000c\000e\000\040\000m\000e\000t\000h\000o\000d}{chapter.13}% 187
\BOOKMARK [1][-]{section.13.4}{\376\377\000R\000u\000n\000g\000e\000-\000K\000u\000t\000t\000a\000\040\000t\000i\000m\000e\000\040\000e\000v\000o\000l\000u\000t\000i\000o\000n}{chapter.13}% 188
\BOOKMARK [1][-]{section.13.5}{\376\377\000H\000i\000g\000h\000e\000r\000\040\000s\000p\000a\000t\000i\000a\000l\000\040\000d\000i\000m\000e\000n\000s\000i\000o\000n\000s}{chapter.13}% 189
\BOOKMARK [1][-]{section.13.6}{\376\377\000S\000c\000h\000r\000\366\000d\000i\000n\000g\000e\000r\000\040\000E\000q\000u\000a\000t\000i\000o\000n\000s}{chapter.13}% 190
\BOOKMARK [2][-]{subsection.13.6.1}{\376\377\000C\000r\000a\000n\000k\000-\000N\000i\000c\000o\000l\000s\000o\000n\000\040\000m\000e\000t\000h\000o\000d}{section.13.6}% 191
\BOOKMARK [1][-]{section.13.7}{\376\377\000A\000p\000p\000l\000i\000c\000a\000t\000i\000o\000n\000s\000\040\000i\000n\000\040\000P\000h\000y\000s\000i\000c\000s}{chapter.13}% 192
\BOOKMARK [2][-]{subsection.13.7.1}{\376\377\000Q\000u\000a\000n\000t\000u\000m\000\040\000T\000u\000n\000n\000e\000l\000i\000n\000g}{section.13.7}% 193
\BOOKMARK [2][-]{subsection.13.7.2}{\376\377\000P\000a\000t\000t\000e\000r\000n\000\040\000F\000o\000r\000m\000a\000t\000i\000o\000n}{section.13.7}% 194
\BOOKMARK [1][-]{section*.130}{\376\377\000P\000r\000o\000g\000r\000a\000m\000\040\000L\000i\000s\000t\000s}{chapter.13}% 195
\BOOKMARK [0][-]{chapter.14}{\376\377\000P\000a\000r\000t\000i\000a\000l\000\040\000D\000i\000f\000f\000e\000r\000e\000n\000t\000i\000a\000l\000\040\000E\000q\000u\000a\000t\000i\000o\000n\000s\000\040\000I\000I\000:\000\040\000E\000l\000l\000i\000p\000t\000i\000c\000\040\000E\000q\000u\000a\000t\000i\000o\000n\000s}{}% 196
\BOOKMARK [1][-]{section.14.1}{\376\377\000L\000a\000p\000l\000a\000c\000e\000\040\000e\000q\000u\000a\000t\000i\000o\000n}{chapter.14}% 197
\BOOKMARK [1][-]{section.14.2}{\376\377\000R\000e\000l\000a\000x\000a\000t\000i\000o\000n\000\040\000m\000e\000t\000h\000o\000d}{chapter.14}% 198
\BOOKMARK [0][-]{chapter.15}{\376\377\000R\000a\000n\000d\000o\000m\000\040\000N\000u\000m\000b\000e\000r\000s}{}% 199
\BOOKMARK [1][-]{section.15.1}{\376\377\000S\000t\000o\000c\000h\000a\000s\000t\000i\000c\000\040\000V\000a\000r\000i\000a\000b\000l\000e\000s}{chapter.15}% 200
\BOOKMARK [1][-]{section.15.2}{\376\377\000U\000n\000i\000f\000o\000r\000m\000\040\000R\000a\000n\000d\000o\000m\000\040\000N\000u\000m\000b\000e\000r\000s}{chapter.15}% 201
\BOOKMARK [1][-]{section.15.3}{\376\377\000N\000o\000n\000-\000u\000n\000i\000f\000o\000r\000m\000\040\000d\000i\000s\000t\000r\000i\000b\000u\000t\000i\000o\000n\000s}{chapter.15}% 202
\BOOKMARK [1][-]{section.15.4}{\376\377\000G\000a\000u\000s\000s\000i\000a\000n\000\040\000r\000a\000n\000d\000o\000m\000\040\000n\000u\000m\000b\000e\000r}{chapter.15}% 203
\BOOKMARK [2][-]{subsection.15.4.1}{\376\377\000E\000x\000p\000o\000n\000e\000n\000t\000i\000a\000l\000\040\000d\000i\000s\000t\000r\000i\000b\000u\000t\000i\000o\000n\000s}{section.15.4}% 204
\BOOKMARK [2][-]{subsection.15.4.2}{\376\377\000E\000v\000a\000l\000u\000a\000t\000i\000o\000n\000\040\000o\000f\000\040\000M\000e\000a\000n}{section.15.4}% 205
\BOOKMARK [1][-]{section.15.5}{\376\377\000A\000p\000p\000l\000i\000c\000a\000t\000i\000o\000n\000s\000\040\000i\000n\000\040\000P\000h\000y\000s\000i\000c\000s}{chapter.15}% 206
\BOOKMARK [2][-]{subsection.15.5.1}{\376\377\000T\000h\000e\000r\000m\000a\000l\000\040\000S\000p\000e\000e\000d}{section.15.5}% 207
\BOOKMARK [2][-]{subsection.15.5.2}{\376\377\000S\000e\000d\000i\000m\000e\000n\000t\000a\000t\000i\000o\000n\000-\000d\000i\000f\000f\000u\000s\000i\000o\000n\000\040\000e\000q\000u\000i\000l\000i\000b\000r\000i\000u\000m}{section.15.5}% 208
\BOOKMARK [2][-]{subsection.15.5.3}{\376\377\000S\000u\000r\000f\000a\000c\000e\000\040\000G\000r\000o\000w\000t\000h\000:\000\040\000R\000a\000n\000d\000o\000m\000\040\000D\000e\000p\000o\000s\000i\000t\000i\000o\000n\000\040\000M\000o\000d\000e\000l\000s}{section.15.5}% 209
\BOOKMARK [1][-]{section.15.6}{\376\377\000P\000r\000o\000b\000l\000e\000m\000s}{chapter.15}% 210
\BOOKMARK [1][-]{section*.143}{\376\377\000M\000A\000T\000L\000A\000B\000\040\000S\000o\000u\000r\000c\000e\000\040\000C\000o\000d\000e\000s}{chapter.15}% 211
\BOOKMARK [1][-]{section*.144}{\376\377\000P\000y\000t\000h\000o\000n\000\040\000S\000o\000u\000r\000c\000e\000\040\000C\000o\000d\000e\000s}{chapter.15}% 212
\BOOKMARK [0][-]{chapter.16}{\376\377\000R\000a\000n\000d\000o\000m\000\040\000W\000a\000l\000k\000s}{}% 213
\BOOKMARK [1][-]{section.16.1}{\376\377\000O\000n\000e\000-\000d\000i\000m\000e\000n\000s\000i\000o\000n\000a\000l\000\040\000R\000a\000n\000d\000o\000m\000\040\000W\000a\000l\000k}{chapter.16}% 214
\BOOKMARK [1][-]{section.16.2}{\376\377\000P\000e\000r\000s\000i\000s\000t\000e\000n\000t\000\040\000R\000a\000n\000d\000o\000m\000\040\000W\000a\000l\000k}{chapter.16}% 215
\BOOKMARK [1][-]{section.16.3}{\376\377\000M\000u\000l\000t\000i\000-\000d\000i\000m\000e\000n\000s\000i\000o\000n\000a\000l\000\040\000R\000a\000n\000d\000o\000m\000\040\000W\000a\000l\000k}{chapter.16}% 216
\BOOKMARK [1][-]{section.16.4}{\376\377\000A\000p\000p\000l\000i\000c\000a\000t\000i\000o\000n\000s\000\040\000i\000n\000\040\000P\000h\000y\000s\000i\000c\000s}{chapter.16}% 217
\BOOKMARK [2][-]{subsection.16.4.1}{\376\377\000D\000i\000f\000f\000u\000s\000i\000o\000n\000\040\000L\000i\000m\000i\000t\000e\000d\000\040\000A\000g\000g\000r\000e\000g\000a\000t\000e\000s}{section.16.4}% 218
\BOOKMARK [2][-]{subsection.16.4.2}{\376\377\000D\000e\000n\000d\000r\000i\000t\000e\000s}{section.16.4}% 219
\BOOKMARK [2][-]{subsection.16.4.3}{\376\377\000P\000a\000r\000r\000o\000n\000d\000o\000\040\000P\000a\000r\000a\000d\000o\000x}{section.16.4}% 220
\BOOKMARK [1][-]{section.16.5}{\376\377\000P\000r\000o\000b\000l\000e\000m\000s}{chapter.16}% 221
\BOOKMARK [1][-]{section*.154}{\376\377\000M\000A\000T\000L\000A\000B\000\040\000S\000o\000u\000r\000c\000e\000\040\000C\000o\000d\000e\000s}{chapter.16}% 222
\BOOKMARK [1][-]{section*.155}{\376\377\000P\000y\000t\000h\000o\000n\000\040\000S\000o\000u\000r\000c\000e\000\040\000C\000o\000d\000e\000s}{chapter.16}% 223
\BOOKMARK [0][-]{chapter.17}{\376\377\000M\000e\000t\000r\000o\000p\000o\000l\000i\000s\000\040\000M\000e\000t\000h\000o\000d}{}% 224
\BOOKMARK [1][-]{section.17.1}{\376\377\000M\000e\000t\000r\000o\000p\000o\000l\000i\000s\000\040\000A\000l\000g\000o\000r\000i\000t\000h\000m\000\040\000f\000o\000r\000\040\000T\000h\000e\000r\000m\000a\000l\000\040\000E\000q\000u\000i\000l\000i\000b\000r\000i\000u\000m}{chapter.17}% 225
\BOOKMARK [1][-]{section.17.2}{\376\377\000A\000p\000p\000l\000i\000c\000a\000t\000i\000o\000n\000s\000\040\000i\000n\000\040\000P\000h\000y\000s\000i\000c\000s}{chapter.17}% 226
\BOOKMARK [2][-]{subsection.17.2.1}{\376\377\000F\000e\000r\000r\000o\000m\000a\000g\000n\000e\000t\000i\000c\000\040\000P\000h\000a\000s\000e\000\040\000T\000r\000a\000n\000s\000i\000t\000i\000o\000n\000:\000\040\0002\000D\000\040\000I\000s\000i\000n\000g\000\040\000M\000o\000d\000e\000l}{section.17.2}% 227
\BOOKMARK [2][-]{subsection.17.2.2}{\376\377\000P\000e\000r\000c\000o\000l\000a\000t\000i\000o\000n}{section.17.2}% 228
\BOOKMARK [1][-]{section*.164}{\376\377\000M\000A\000T\000L\000A\000B\000\040\000S\000o\000u\000r\000c\000e\000\040\000C\000o\000d\000e\000s}{chapter.17}% 229
\BOOKMARK [1][-]{section*.165}{\376\377\000P\000y\000t\000h\000o\000n\000\040\000S\000o\000u\000r\000c\000e\000\040\000C\000o\000d\000e\000s}{chapter.17}% 230
\BOOKMARK [0][-]{chapter.18}{\376\377\000L\000a\000n\000g\000e\000v\000i\000n\000\040\000E\000q\000u\000a\000t\000i\000o\000n\000s}{}% 231
\BOOKMARK [1][-]{section.18.1}{\376\377\000L\000a\000n\000g\000e\000v\000i\000n\000\040\000e\000q\000u\000a\000t\000i\000o\000n}{chapter.18}% 232
\BOOKMARK [2][-]{subsection.18.1.1}{\376\377\000D\000e\000f\000i\000n\000i\000t\000i\000o\000n}{section.18.1}% 233
\BOOKMARK [2][-]{subsection.18.1.2}{\376\377\000O\000v\000e\000r\000d\000a\000m\000p\000e\000d\000\040\000L\000a\000n\000g\000e\000v\000i\000n\000\040\000e\000q\000u\000a\000t\000i\000o\000n\000s\000\040\000a\000n\000d\000\040\000W\000i\000e\000n\000e\000r\000\040\000P\000r\000o\000c\000e\000s\000s\000e\000s}{section.18.1}% 234
\BOOKMARK [2][-]{subsection.18.1.3}{\376\377\000O\000r\000n\000s\000t\000e\000i\000n\000-\000U\000h\000l\000e\000n\000b\000e\000c\000k\000\040\000p\000r\000o\000c\000e\000s\000s}{section.18.1}% 235
\BOOKMARK [2][-]{subsection.18.1.4}{\376\377\000N\000u\000m\000e\000r\000i\000c\000a\000l\000\040\000A\000l\000g\000o\000r\000i\000t\000h\000m\000:\000\040\000t\000h\000e\000\040\000H\000e\000u\000n\000\040\000m\000e\000t\000h\000o\000d}{section.18.1}% 236
\BOOKMARK [1][-]{section.18.2}{\376\377\000A\000p\000p\000l\000i\000c\000a\000t\000i\000o\000n\000s\000\040\000i\000n\000\040\000P\000h\000y\000s\000i\000c\000s}{chapter.18}% 237
\BOOKMARK [2][-]{subsection.18.2.1}{\376\377\000B\000r\000o\000w\000n\000i\000a\000n\000\040\000M\000o\000t\000o\000r\000s\000:\000\040\000F\000l\000a\000s\000h\000i\000n\000g\000\040\000R\000a\000t\000c\000h\000e\000t}{section.18.2}% 238
\BOOKMARK [2][-]{subsection.18.2.2}{\376\377\000S\000t\000o\000c\000h\000a\000s\000t\000i\000c\000\040\000R\000e\000s\000o\000n\000a\000n\000c\000e}{section.18.2}% 239
\BOOKMARK [1][-]{section.18.3}{\376\377\000P\000r\000o\000b\000l\000e\000m\000s}{chapter.18}% 240
\BOOKMARK [1][-]{section*.176}{\376\377\000M\000A\000T\000L\000A\000B\000\040\000S\000o\000u\000r\000c\000e\000\040\000C\000o\000d\000e\000s}{chapter.18}% 241
\BOOKMARK [1][-]{section*.177}{\376\377\000P\000y\000t\000h\000o\000n\000\040\000S\000o\000u\000r\000c\000e\000\040\000C\000o\000d\000e\000s}{chapter.18}% 242
\BOOKMARK [0][-]{chapter.19}{\376\377\000O\000p\000t\000i\000m\000i\000z\000a\000t\000i\000o\000n}{}% 243
\BOOKMARK [1][-]{section.19.1}{\376\377\000F\000i\000t\000n\000e\000s\000s\000\040\000F\000u\000n\000c\000t\000i\000o\000n\000s}{chapter.19}% 244
\BOOKMARK [1][-]{section.19.2}{\376\377\000S\000i\000m\000u\000l\000a\000t\000e\000d\000\040\000A\000n\000n\000e\000a\000l\000i\000n\000g}{chapter.19}% 245
\BOOKMARK [1][-]{section.19.3}{\376\377\000G\000e\000n\000e\000t\000i\000c\000\040\000A\000l\000g\000o\000r\000i\000t\000h\000m}{chapter.19}% 246
\BOOKMARK [1][-]{section.19.4}{\376\377\000A\000p\000p\000l\000i\000c\000a\000t\000i\000o\000n\000s\000\040\000i\000n\000\040\000P\000h\000y\000s\000i\000c\000s}{chapter.19}% 247
\BOOKMARK [2][-]{subsection.19.4.1}{\376\377\000F\000i\000t\000t\000i\000n\000g\000\040\000t\000o\000\040\000G\000a\000u\000s\000s\000i\000a\000n\000\040\000D\000i\000s\000t\000r\000i\000b\000u\000t\000i\000o\000n}{section.19.4}% 248
\BOOKMARK [2][-]{subsection.19.4.2}{\376\377\000T\000h\000o\000m\000s\000o\000n\000\040\000p\000r\000o\000b\000l\000e\000m}{section.19.4}% 249
\BOOKMARK [1][-]{section.19.5}{\376\377\000P\000r\000o\000b\000l\000e\000m\000s}{chapter.19}% 250
\BOOKMARK [1][-]{section*.189}{\376\377\000M\000A\000T\000L\000A\000B\000\040\000S\000o\000u\000r\000c\000e\000\040\000C\000o\000d\000e\000s}{chapter.19}% 251
\BOOKMARK [1][-]{section*.190}{\376\377\000P\000y\000t\000h\000o\000n\000\040\000S\000o\000u\000r\000c\000e\000\040\000C\000o\000d\000e\000s}{chapter.19}% 252
