mktextfm cmssbx10
mktextfm cmssbx10
mktextfm cmss10
mktextfm cmssbx10
mktextfm cmssbx10
mktextfm cmssbx10
mktextfm cmssbx10
mktextfm cmss10
mktextfm cmssbx10
mktextfm cmss10
mktextfm cmbx10
mktextfm cmssbx10
mktextfm cmss10
mktextfm cmss10
mktextfm cmssbx10
mktextfm cmssbx10
mktextfm cmss10
mktextfm cmbx10
mktextfm cmssbx10
mktextfm cmssi10
mktextfm cmssi10
mktextfm cmbx10
mktextfm cmbx10
mktextfm cmr10
mktextfm cmr10
mktextfm cmbx10
mktextfm cmr10
mktextfm cmr10
mktextfm cmti10
mktextfm cmbx10
mktextfm cmcsc10
mktextfm cmr10
mktextfm phvb
mktextfm phvb
mktextfm ptmr
mktextfm phvr
mktextfm phvb
mktextfm phvb
mktextfm phvb
mktextfm phvb
mktextfm phvr
mktextfm phvb
mktextfm phvr
mktextfm ptmbi
mktextfm phvb
mktextfm phvr
mktextfm phvr
mktextfm phvb
mktextfm phvb
mktextfm phvr
mktextfm ptmr
mktextfm phvb
mktextfm phvb
mktextfm phvbo
mktextfm phvro
mktextfm ptmb
mktextfm ptmb
mktextfm ptmr
mktextfm ptmr
mktextfm ptmbi
mktextfm ptmr
mktextfm ptmr
mktextfm ptmri
mktextfm ptmbi
mktextfm cmssbx10
mktextfm cmssbx10
mktextfm cmss10
mktextfm cmssbx10
mktextfm cmssbx10
mktextfm cmssbx10
mktextfm cmssbx10
mktextfm cmss10
mktextfm cmssbx10
mktextfm cmss10
mktextfm cmbx10
mktextfm cmssbx10
mktextfm cmss10
mktextfm cmss10
mktextfm cmssbx10
mktextfm cmssbx10
mktextfm cmss10
mktextfm cmbx10
mktextfm cmssbx10
mktextfm cmssi10
mktextfm cmssi10
mktextfm cmbx10
mktextfm cmbx10
mktextfm cmr10
mktextfm cmr10
mktextfm cmbx10
mktextfm cmr10
mktextfm cmr10
mktextfm cmti10
mktextfm cmbx10
mktextfm cmcsc10
mktextfm cmr10
mktextfm phvb
mktextfm phvb
mktextfm ptmr
mktextfm phvr
mktextfm phvb
mktextfm phvb
mktextfm phvb
mktextfm phvb
mktextfm phvr
mktextfm phvb
mktextfm phvr
mktextfm ptmbi
mktextfm phvb
mktextfm phvr
mktextfm phvr
mktextfm phvb
mktextfm phvb
mktextfm phvr
mktextfm ptmr
mktextfm phvb
mktextfm phvb
mktextfm phvbo
mktextfm phvro
mktextfm ptmb
mktextfm ptmb
mktextfm ptmr
mktextfm ptmr
mktextfm ptmbi
mktextfm ptmr
mktextfm ptmr
mktextfm ptmri
mktextfm ptmbi
mktextfm cmr8
mktextfm cmr8
mktextfm cmr8
mktextfm cmr17
mktextfm cmr17
mktextfm cmr17
mktextfm cmr12
mktextfm cmr12
mktextfm cmr8
mktextfm cmr9
mktextfm cmr9
mktextfm cmr17
mktextfm cmr12
mktextfm cmmi12
mktextfm cmsy10
mktextfm cmr12
mktextfm cmr12
mktextfm cmr6
mktextfm cmmi8
mktextfm cmmi6
mktextfm cmsy8
mktextfm cmsy6
mktextfm cmr6
mktextfm cmsy6
mktextfm cmr8
mktextfm cmsy8
mktextfm cmr9
mktextfm cmmi9
mktextfm cmsy9
mktextfm cmr9
mktextfm cmr9
